<?xml version="1.0" encoding="UTF-8"?>
<testng-results ignored="0" total="1" passed="0"
	failed="1" skipped="0">
	<reporter-output>
	</reporter-output>
	<suite started-at="2024-05-01T15:49:26 IST" name="Suite"
		finished-at="2024-05-01T15:49:44 IST" duration-ms="17877">
		<groups>
		</groups>
		<test started-at="2024-05-01T15:49:26 IST"
			name="ChromeBrowserTesting" finished-at="2024-05-01T15:49:44 IST"
			duration-ms="17877">
			<class name="com.netBanking1.Testcases.TC_LoginTest_001">
				<test-method is-config="true"
					signature="setup(java.lang.String)[pri:0, instance:com.netBanking1.Testcases.TC_LoginTest_001@1fa268de]"
					started-at="2024-05-01T15:49:26 IST" name="setup"
					finished-at="2024-05-01T15:49:38 IST" duration-ms="11736"
					status="PASS">
					<params>
						<param index="0">
							<value>
                <![CDATA[Chrome]]>
							</value>
						</param>
					</params>
					<reporter-output>
					</reporter-output>
				</test-method> <!-- setup -->
				<test-method
					signature="login()[pri:0, instance:com.netBanking1.Testcases.TC_LoginTest_001@1fa268de]"
					started-at="2024-05-01T15:49:38 IST" name="login"
					finished-at="2024-05-01T15:49:43 IST" duration-ms="4637"
					status="FAIL">
					<exception
						class="org.openqa.selenium.UnhandledAlertException">
						<message>
              <![CDATA[unexpected alert open: {Alert text : User or Password is not valid}
  (Session info: chrome=124.0.6367.92): User or Password is not valid
Build info: version: '4.20.0', revision: '866c76ca80'
System info: os.name: 'Windows 10', os.arch: 'amd64', os.version: '10.0', java.version: '15.0.2'
Driver info: org.openqa.selenium.chrome.ChromeDriver
Command: [f5b4ccec264a6d728ca0d32ef9969e5a, getTitle {}]
Capabilities {acceptInsecureCerts: false, browserName: chrome, browserVersion: 124.0.6367.92, chrome: {chromedriverVersion: 124.0.6367.91 (51df0e5e17a8..., userDataDir: C:\Users\Dell\AppData\Local...}, fedcm:accounts: true, goog:chromeOptions: {debuggerAddress: localhost:54272}, networkConnectionEnabled: false, pageLoadStrategy: normal, platformName: windows, proxy: Proxy(), se:cdp: ws://localhost:54272/devtoo..., se:cdpVersion: 124.0.6367.92, setWindowRect: true, strictFileInteractability: false, timeouts: {implicit: 0, pageLoad: 300000, script: 30000}, unhandledPromptBehavior: dismiss and notify, webauthn:extension:credBlob: true, webauthn:extension:largeBlob: true, webauthn:extension:minPinLength: true, webauthn:extension:prf: true, webauthn:virtualAuthenticators: true}
Session ID: f5b4ccec264a6d728ca0d32ef9969e5a]]>
						</message>
						<full-stacktrace>
              <![CDATA[org.openqa.selenium.UnhandledAlertException: unexpected alert open: {Alert text : User or Password is not valid}
  (Session info: chrome=124.0.6367.92): User or Password is not valid
Build info: version: '4.20.0', revision: '866c76ca80'
System info: os.name: 'Windows 10', os.arch: 'amd64', os.version: '10.0', java.version: '15.0.2'
Driver info: org.openqa.selenium.chrome.ChromeDriver
Command: [f5b4ccec264a6d728ca0d32ef9969e5a, getTitle {}]
Capabilities {acceptInsecureCerts: false, browserName: chrome, browserVersion: 124.0.6367.92, chrome: {chromedriverVersion: 124.0.6367.91 (51df0e5e17a8..., userDataDir: C:\Users\Dell\AppData\Local...}, fedcm:accounts: true, goog:chromeOptions: {debuggerAddress: localhost:54272}, networkConnectionEnabled: false, pageLoadStrategy: normal, platformName: windows, proxy: Proxy(), se:cdp: ws://localhost:54272/devtoo..., se:cdpVersion: 124.0.6367.92, setWindowRect: true, strictFileInteractability: false, timeouts: {implicit: 0, pageLoad: 300000, script: 30000}, unhandledPromptBehavior: dismiss and notify, webauthn:extension:credBlob: true, webauthn:extension:largeBlob: true, webauthn:extension:minPinLength: true, webauthn:extension:prf: true, webauthn:virtualAuthenticators: true}
Session ID: f5b4ccec264a6d728ca0d32ef9969e5a
at org.openqa.selenium.remote.codec.w3c.W3CHttpResponseCodec.decode(W3CHttpResponseCodec.java:136)
at org.openqa.selenium.remote.codec.w3c.W3CHttpResponseCodec.decode(W3CHttpResponseCodec.java:50)
at org.openqa.selenium.remote.HttpCommandExecutor.execute(HttpCommandExecutor.java:190)
at org.openqa.selenium.remote.service.DriverCommandExecutor.invokeExecute(DriverCommandExecutor.java:216)
at org.openqa.selenium.remote.service.DriverCommandExecutor.execute(DriverCommandExecutor.java:174)
at org.openqa.selenium.remote.RemoteWebDriver.execute(RemoteWebDriver.java:518)
at org.openqa.selenium.remote.RemoteWebDriver.execute(RemoteWebDriver.java:591)
at org.openqa.selenium.remote.RemoteWebDriver.execute(RemoteWebDriver.java:595)
at org.openqa.selenium.remote.RemoteWebDriver.getTitle(RemoteWebDriver.java:305)
at com.netBanking1.Testcases.TC_LoginTest_001.login(TC_LoginTest_001.java:40)
at java.base/jdk.internal.reflect.NativeMethodAccessorImpl.invoke0(Native Method)
at java.base/jdk.internal.reflect.NativeMethodAccessorImpl.invoke(NativeMethodAccessorImpl.java:64)
at java.base/jdk.internal.reflect.DelegatingMethodAccessorImpl.invoke(DelegatingMethodAccessorImpl.java:43)
at java.base/java.lang.reflect.Method.invoke(Method.java:564)
at org.testng.internal.MethodInvocationHelper.invokeMethod(MethodInvocationHelper.java:133)
at org.testng.internal.TestInvoker.invokeMethod(TestInvoker.java:598)
at org.testng.internal.TestInvoker.invokeTestMethod(TestInvoker.java:173)
at org.testng.internal.MethodRunner.runInSequence(MethodRunner.java:46)
at org.testng.internal.TestInvoker$MethodInvocationAgent.invoke(TestInvoker.java:824)
at org.testng.internal.TestInvoker.invokeTestMethods(TestInvoker.java:146)
at org.testng.internal.TestMethodWorker.invokeTestMethods(TestMethodWorker.java:146)
at org.testng.internal.TestMethodWorker.run(TestMethodWorker.java:128)
at java.base/java.util.ArrayList.forEach(ArrayList.java:1511)
at org.testng.TestRunner.privateRun(TestRunner.java:794)
at org.testng.TestRunner.run(TestRunner.java:596)
at org.testng.SuiteRunner.runTest(SuiteRunner.java:377)
at org.testng.SuiteRunner.access$000(SuiteRunner.java:28)
at org.testng.SuiteRunner$SuiteWorker.run(SuiteRunner.java:418)
at org.testng.internal.thread.ThreadUtil.lambda$execute$0(ThreadUtil.java:64)
at java.base/java.util.concurrent.FutureTask.run(FutureTask.java:264)
at java.base/java.util.concurrent.ThreadPoolExecutor.runWorker(ThreadPoolExecutor.java:1130)
at java.base/java.util.concurrent.ThreadPoolExecutor$Worker.run(ThreadPoolExecutor.java:630)
at java.base/java.lang.Thread.run(Thread.java:832)
]]>
						</full-stacktrace>
					</exception> <!-- org.openqa.selenium.UnhandledAlertException -->
					<reporter-output>
					</reporter-output>
				</test-method> <!-- login -->
				<test-method is-config="true"
					signature="tearDown()[pri:0, instance:com.netBanking1.Testcases.TC_LoginTest_001@1fa268de]"
					started-at="2024-05-01T15:49:43 IST" name="tearDown"
					finished-at="2024-05-01T15:49:44 IST" duration-ms="1049"
					status="PASS">
					<reporter-output>
					</reporter-output>
				</test-method> <!-- tearDown -->
			</class> <!-- com.netBanking1.Testcases.TC_LoginTest_001 -->
		</test> <!-- ChromeBrowserTesting -->
	</suite> <!-- Suite -->
</testng-results>
